2025-12-01 21:06:22.553 [main] ERROR o.s.boot.SpringApplication - Application run failed
java.lang.IllegalStateException: java.lang.IllegalStateException: Logback configuration error detected: 
ERROR in ch.qos.logback.core.joran.action.NestedComplexPropertyIA - Could not create component [encoder] of type [net.logstash.logback.encoder.LogstashEncoder] java.lang.ClassNotFoundException: net.logstash.logback.encoder.LogstashEncoder
ERROR in ch.qos.logback.core.joran.spi.Interpreter@13:27 - no applicable action for [customFields], current ElementPath  is [[configuration][appender][encoder][customFields]]
ERROR in ch.qos.logback.core.joran.spi.Interpreter@16:25 - no applicable action for [fieldNames], current ElementPath  is [[configuration][appender][encoder][fieldNames]]
ERROR in ch.qos.logback.core.joran.spi.Interpreter@17:28 - no applicable action for [timestamp], current ElementPath  is [[configuration][appender][encoder][fieldNames][timestamp]]
ERROR in ch.qos.logback.core.joran.spi.Interpreter@18:26 - no applicable action for [message], current ElementPath  is [[configuration][appender][encoder][fieldNames][message]]
ERROR in ch.qos.logback.core.joran.spi.Interpreter@19:25 - no applicable action for [thread], current ElementPath  is [[configuration][appender][encoder][fieldNames][thread]]
ERROR in ch.qos.logback.core.joran.spi.Interpreter@20:25 - no applicable action for [logger], current ElementPath  is [[configuration][appender][encoder][fieldNames][logger]]
ERROR in ch.qos.logback.core.joran.spi.Interpreter@21:24 - no applicable action for [level], current ElementPath  is [[configuration][appender][encoder][fieldNames][level]]
ERROR in ch.qos.logback.core.joran.spi.Interpreter@22:29 - no applicable action for [levelValue], current ElementPath  is [[configuration][appender][encoder][fieldNames][levelValue]]
ERROR in ch.qos.logback.core.joran.spi.Interpreter@23:29 - no applicable action for [stackTrace], current ElementPath  is [[configuration][appender][encoder][fieldNames][stackTrace]]
ERROR in ch.qos.logback.core.joran.spi.Interpreter@27:31 - no applicable action for [timestampPattern], current ElementPath  is [[configuration][appender][encoder][timestampPattern]]
ERROR in ch.qos.logback.core.joran.spi.Interpreter@30:29 - no applicable action for [includeContext], current ElementPath  is [[configuration][appender][encoder][includeContext]]
ERROR in ch.qos.logback.core.joran.spi.Interpreter@31:25 - no applicable action for [includeMdc], current ElementPath  is [[configuration][appender][encoder][includeMdc]]
ERROR in ch.qos.logback.core.joran.spi.Interpreter@34:32 - no applicable action for [excludeMdcKeyName], current ElementPath  is [[configuration][appender][encoder][excludeMdcKeyName]]
ERROR in ch.qos.logback.core.joran.spi.Interpreter@35:32 - no applicable action for [excludeMdcKeyName], current ElementPath  is [[configuration][appender][encoder][excludeMdcKeyName]]
ERROR in ch.qos.logback.core.ConsoleAppender[JSON_CONSOLE] - No encoder set for the appender named "JSON_CONSOLE".
ERROR in ch.qos.logback.core.joran.action.NestedComplexPropertyIA - Could not create component [encoder] of type [net.logstash.logback.encoder.LoggingEventCompositeJsonEncoder] java.lang.ClassNotFoundException: net.logstash.logback.encoder.LoggingEventCompositeJsonEncoder
ERROR in ch.qos.logback.core.joran.spi.Interpreter@51:24 - no applicable action for [providers], current ElementPath  is [[configuration][appender][encoder][providers]]
ERROR in ch.qos.logback.core.joran.spi.Interpreter@53:28 - no applicable action for [timestamp], current ElementPath  is [[configuration][appender][encoder][providers][timestamp]]
ERROR in ch.qos.logback.core.joran.spi.Interpreter@54:32 - no applicable action for [fieldName], current ElementPath  is [[configuration][appender][encoder][providers][timestamp][fieldName]]
ERROR in ch.qos.logback.core.joran.spi.Interpreter@55:31 - no applicable action for [timeZone], current ElementPath  is [[configuration][appender][encoder][providers][timestamp][timeZone]]
ERROR in ch.qos.logback.core.joran.spi.Interpreter@59:27 - no applicable action for [version], current ElementPath  is [[configuration][appender][encoder][providers][version]]
ERROR in ch.qos.logback.core.joran.spi.Interpreter@62:27 - no applicable action for [logLevel], current ElementPath  is [[configuration][appender][encoder][providers][logLevel]]
ERROR in ch.qos.logback.core.joran.spi.Interpreter@63:32 - no applicable action for [fieldName], current ElementPath  is [[configuration][appender][encoder][providers][logLevel][fieldName]]
ERROR in ch.qos.logback.core.joran.spi.Interpreter@67:29 - no applicable action for [loggerName], current ElementPath  is [[configuration][appender][encoder][providers][loggerName]]
ERROR in ch.qos.logback.core.joran.spi.Interpreter@68:32 - no applicable action for [fieldName], current ElementPath  is [[configuration][appender][encoder][providers][loggerName][fieldName]]
ERROR in ch.qos.logback.core.joran.spi.Interpreter@72:29 - no applicable action for [threadName], current ElementPath  is [[configuration][appender][encoder][providers][threadName]]
ERROR in ch.qos.logback.core.joran.spi.Interpreter@73:32 - no applicable action for [fieldName], current ElementPath  is [[configuration][appender][encoder][providers][threadName][fieldName]]
ERROR in ch.qos.logback.core.joran.spi.Interpreter@77:26 - no applicable action for [message], current ElementPath  is [[configuration][appender][encoder][providers][message]]
ERROR in ch.qos.logback.core.joran.spi.Interpreter@78:32 - no applicable action for [fieldName], current ElementPath  is [[configuration][appender][encoder][providers][message][fieldName]]
ERROR in ch.qos.logback.core.joran.spi.Interpreter@82:22 - no applicable action for [mdc], current ElementPath  is [[configuration][appender][encoder][providers][mdc]]
ERROR in ch.qos.logback.core.joran.spi.Interpreter@83:40 - no applicable action for [excludeMdcKeyName], current ElementPath  is [[configuration][appender][encoder][providers][mdc][excludeMdcKeyName]]
ERROR in ch.qos.logback.core.joran.spi.Interpreter@84:40 - no applicable action for [excludeMdcKeyName], current ElementPath  is [[configuration][appender][encoder][providers][mdc][excludeMdcKeyName]]
ERROR in ch.qos.logback.core.joran.spi.Interpreter@88:29 - no applicable action for [arguments], current ElementPath  is [[configuration][appender][encoder][providers][arguments]]
ERROR in ch.qos.logback.core.joran.spi.Interpreter@91:29 - no applicable action for [stackTrace], current ElementPath  is [[configuration][appender][encoder][providers][stackTrace]]
ERROR in ch.qos.logback.core.joran.spi.Interpreter@92:32 - no applicable action for [fieldName], current ElementPath  is [[configuration][appender][encoder][providers][stackTrace][fieldName]]
ERROR in ch.qos.logback.core.joran.spi.Interpreter@96:26 - no applicable action for [pattern], current ElementPath  is [[configuration][appender][encoder][providers][pattern]]
ERROR in ch.qos.logback.core.joran.spi.Interpreter@97:38 - no applicable action for [omitEmptyFields], current ElementPath  is [[configuration][appender][encoder][providers][pattern][omitEmptyFields]]
ERROR in ch.qos.logback.core.joran.spi.Interpreter@98:30 - no applicable action for [pattern], current ElementPath  is [[configuration][appender][encoder][providers][pattern][pattern]]
ERROR in ch.qos.logback.core.rolling.RollingFileAppender[JSON_FILE] - No encoder set for the appender named "JSON_FILE".
	at org.springframework.boot.context.logging.LoggingApplicationListener.initializeSystem(LoggingApplicationListener.java:344)
	at org.springframework.boot.context.logging.LoggingApplicationListener.initialize(LoggingApplicationListener.java:298)
	at org.springframework.boot.context.logging.LoggingApplicationListener.onApplicationEnvironmentPreparedEvent(LoggingApplicationListener.java:246)
	at org.springframework.boot.context.logging.LoggingApplicationListener.onApplicationEvent(LoggingApplicationListener.java:223)
	at org.springframework.context.event.SimpleApplicationEventMulticaster.doInvokeListener(SimpleApplicationEventMulticaster.java:178)
	at org.springframework.context.event.SimpleApplicationEventMulticaster.invokeListener(SimpleApplicationEventMulticaster.java:171)
	at org.springframework.context.event.SimpleApplicationEventMulticaster.multicastEvent(SimpleApplicationEventMulticaster.java:145)
	at org.springframework.context.event.SimpleApplicationEventMulticaster.multicastEvent(SimpleApplicationEventMulticaster.java:133)
	at org.springframework.boot.context.event.EventPublishingRunListener.environmentPrepared(EventPublishingRunListener.java:85)
	at org.springframework.boot.SpringApplicationRunListeners.lambda$environmentPrepared$2(SpringApplicationRunListeners.java:66)
	at java.base/java.util.ArrayList.forEach(ArrayList.java:1511)
	at org.springframework.boot.SpringApplicationRunListeners.doWithListeners(SpringApplicationRunListeners.java:120)
	at org.springframework.boot.SpringApplicationRunListeners.doWithListeners(SpringApplicationRunListeners.java:114)
	at org.springframework.boot.SpringApplicationRunListeners.environmentPrepared(SpringApplicationRunListeners.java:65)
	at org.springframework.boot.SpringApplication.prepareEnvironment(SpringApplication.java:344)
	at org.springframework.boot.SpringApplication.run(SpringApplication.java:302)
	at org.springframework.boot.SpringApplication.run(SpringApplication.java:1300)
	at org.springframework.boot.SpringApplication.run(SpringApplication.java:1289)
	at com.example.springbootswaggerh2.SpringbootSwaggerH2Application.main(SpringbootSwaggerH2Application.java:12)
Caused by: java.lang.IllegalStateException: Logback configuration error detected: 
ERROR in ch.qos.logback.core.joran.action.NestedComplexPropertyIA - Could not create component [encoder] of type [net.logstash.logback.encoder.LogstashEncoder] java.lang.ClassNotFoundException: net.logstash.logback.encoder.LogstashEncoder
ERROR in ch.qos.logback.core.joran.spi.Interpreter@13:27 - no applicable action for [customFields], current ElementPath  is [[configuration][appender][encoder][customFields]]
ERROR in ch.qos.logback.core.joran.spi.Interpreter@16:25 - no applicable action for [fieldNames], current ElementPath  is [[configuration][appender][encoder][fieldNames]]
ERROR in ch.qos.logback.core.joran.spi.Interpreter@17:28 - no applicable action for [timestamp], current ElementPath  is [[configuration][appender][encoder][fieldNames][timestamp]]
ERROR in ch.qos.logback.core.joran.spi.Interpreter@18:26 - no applicable action for [message], current ElementPath  is [[configuration][appender][encoder][fieldNames][message]]
ERROR in ch.qos.logback.core.joran.spi.Interpreter@19:25 - no applicable action for [thread], current ElementPath  is [[configuration][appender][encoder][fieldNames][thread]]
ERROR in ch.qos.logback.core.joran.spi.Interpreter@20:25 - no applicable action for [logger], current ElementPath  is [[configuration][appender][encoder][fieldNames][logger]]
ERROR in ch.qos.logback.core.joran.spi.Interpreter@21:24 - no applicable action for [level], current ElementPath  is [[configuration][appender][encoder][fieldNames][level]]
ERROR in ch.qos.logback.core.joran.spi.Interpreter@22:29 - no applicable action for [levelValue], current ElementPath  is [[configuration][appender][encoder][fieldNames][levelValue]]
ERROR in ch.qos.logback.core.joran.spi.Interpreter@23:29 - no applicable action for [stackTrace], current ElementPath  is [[configuration][appender][encoder][fieldNames][stackTrace]]
ERROR in ch.qos.logback.core.joran.spi.Interpreter@27:31 - no applicable action for [timestampPattern], current ElementPath  is [[configuration][appender][encoder][timestampPattern]]
ERROR in ch.qos.logback.core.joran.spi.Interpreter@30:29 - no applicable action for [includeContext], current ElementPath  is [[configuration][appender][encoder][includeContext]]
ERROR in ch.qos.logback.core.joran.spi.Interpreter@31:25 - no applicable action for [includeMdc], current ElementPath  is [[configuration][appender][encoder][includeMdc]]
ERROR in ch.qos.logback.core.joran.spi.Interpreter@34:32 - no applicable action for [excludeMdcKeyName], current ElementPath  is [[configuration][appender][encoder][excludeMdcKeyName]]
ERROR in ch.qos.logback.core.joran.spi.Interpreter@35:32 - no applicable action for [excludeMdcKeyName], current ElementPath  is [[configuration][appender][encoder][excludeMdcKeyName]]
ERROR in ch.qos.logback.core.ConsoleAppender[JSON_CONSOLE] - No encoder set for the appender named "JSON_CONSOLE".
ERROR in ch.qos.logback.core.joran.action.NestedComplexPropertyIA - Could not create component [encoder] of type [net.logstash.logback.encoder.LoggingEventCompositeJsonEncoder] java.lang.ClassNotFoundException: net.logstash.logback.encoder.LoggingEventCompositeJsonEncoder
ERROR in ch.qos.logback.core.joran.spi.Interpreter@51:24 - no applicable action for [providers], current ElementPath  is [[configuration][appender][encoder][providers]]
ERROR in ch.qos.logback.core.joran.spi.Interpreter@53:28 - no applicable action for [timestamp], current ElementPath  is [[configuration][appender][encoder][providers][timestamp]]
ERROR in ch.qos.logback.core.joran.spi.Interpreter@54:32 - no applicable action for [fieldName], current ElementPath  is [[configuration][appender][encoder][providers][timestamp][fieldName]]
ERROR in ch.qos.logback.core.joran.spi.Interpreter@55:31 - no applicable action for [timeZone], current ElementPath  is [[configuration][appender][encoder][providers][timestamp][timeZone]]
ERROR in ch.qos.logback.core.joran.spi.Interpreter@59:27 - no applicable action for [version], current ElementPath  is [[configuration][appender][encoder][providers][version]]
ERROR in ch.qos.logback.core.joran.spi.Interpreter@62:27 - no applicable action for [logLevel], current ElementPath  is [[configuration][appender][encoder][providers][logLevel]]
ERROR in ch.qos.logback.core.joran.spi.Interpreter@63:32 - no applicable action for [fieldName], current ElementPath  is [[configuration][appender][encoder][providers][logLevel][fieldName]]
ERROR in ch.qos.logback.core.joran.spi.Interpreter@67:29 - no applicable action for [loggerName], current ElementPath  is [[configuration][appender][encoder][providers][loggerName]]
ERROR in ch.qos.logback.core.joran.spi.Interpreter@68:32 - no applicable action for [fieldName], current ElementPath  is [[configuration][appender][encoder][providers][loggerName][fieldName]]
ERROR in ch.qos.logback.core.joran.spi.Interpreter@72:29 - no applicable action for [threadName], current ElementPath  is [[configuration][appender][encoder][providers][threadName]]
ERROR in ch.qos.logback.core.joran.spi.Interpreter@73:32 - no applicable action for [fieldName], current ElementPath  is [[configuration][appender][encoder][providers][threadName][fieldName]]
ERROR in ch.qos.logback.core.joran.spi.Interpreter@77:26 - no applicable action for [message], current ElementPath  is [[configuration][appender][encoder][providers][message]]
ERROR in ch.qos.logback.core.joran.spi.Interpreter@78:32 - no applicable action for [fieldName], current ElementPath  is [[configuration][appender][encoder][providers][message][fieldName]]
ERROR in ch.qos.logback.core.joran.spi.Interpreter@82:22 - no applicable action for [mdc], current ElementPath  is [[configuration][appender][encoder][providers][mdc]]
ERROR in ch.qos.logback.core.joran.spi.Interpreter@83:40 - no applicable action for [excludeMdcKeyName], current ElementPath  is [[configuration][appender][encoder][providers][mdc][excludeMdcKeyName]]
ERROR in ch.qos.logback.core.joran.spi.Interpreter@84:40 - no applicable action for [excludeMdcKeyName], current ElementPath  is [[configuration][appender][encoder][providers][mdc][excludeMdcKeyName]]
ERROR in ch.qos.logback.core.joran.spi.Interpreter@88:29 - no applicable action for [arguments], current ElementPath  is [[configuration][appender][encoder][providers][arguments]]
ERROR in ch.qos.logback.core.joran.spi.Interpreter@91:29 - no applicable action for [stackTrace], current ElementPath  is [[configuration][appender][encoder][providers][stackTrace]]
ERROR in ch.qos.logback.core.joran.spi.Interpreter@92:32 - no applicable action for [fieldName], current ElementPath  is [[configuration][appender][encoder][providers][stackTrace][fieldName]]
ERROR in ch.qos.logback.core.joran.spi.Interpreter@96:26 - no applicable action for [pattern], current ElementPath  is [[configuration][appender][encoder][providers][pattern]]
ERROR in ch.qos.logback.core.joran.spi.Interpreter@97:38 - no applicable action for [omitEmptyFields], current ElementPath  is [[configuration][appender][encoder][providers][pattern][omitEmptyFields]]
ERROR in ch.qos.logback.core.joran.spi.Interpreter@98:30 - no applicable action for [pattern], current ElementPath  is [[configuration][appender][encoder][providers][pattern][pattern]]
ERROR in ch.qos.logback.core.rolling.RollingFileAppender[JSON_FILE] - No encoder set for the appender named "JSON_FILE".
	at org.springframework.boot.logging.logback.LogbackLoggingSystem.reportConfigurationErrorsIfNecessary(LogbackLoggingSystem.java:189)
	at org.springframework.boot.logging.logback.LogbackLoggingSystem.loadConfiguration(LogbackLoggingSystem.java:170)
	at org.springframework.boot.logging.AbstractLoggingSystem.initializeWithConventions(AbstractLoggingSystem.java:80)
	at org.springframework.boot.logging.AbstractLoggingSystem.initialize(AbstractLoggingSystem.java:60)
	at org.springframework.boot.logging.logback.LogbackLoggingSystem.initialize(LogbackLoggingSystem.java:132)
	at org.springframework.boot.context.logging.LoggingApplicationListener.initializeSystem(LoggingApplicationListener.java:329)
	... 18 common frames omitted
	Suppressed: java.lang.ClassNotFoundException: net.logstash.logback.encoder.LogstashEncoder
		at java.base/jdk.internal.loader.BuiltinClassLoader.loadClass(BuiltinClassLoader.java:641)
		at java.base/jdk.internal.loader.ClassLoaders$AppClassLoader.loadClass(ClassLoaders.java:188)
		at java.base/java.lang.ClassLoader.loadClass(ClassLoader.java:520)
		at ch.qos.logback.core.util.Loader.loadClass(Loader.java:120)
		at ch.qos.logback.core.joran.action.NestedComplexPropertyIA.begin(NestedComplexPropertyIA.java:102)
		at ch.qos.logback.core.joran.spi.Interpreter.callBeginAction(Interpreter.java:269)
		at ch.qos.logback.core.joran.spi.Interpreter.startElement(Interpreter.java:145)
		at ch.qos.logback.core.joran.spi.Interpreter.startElement(Interpreter.java:128)
		at ch.qos.logback.core.joran.spi.EventPlayer.play(EventPlayer.java:50)
		at ch.qos.logback.core.joran.GenericConfigurator.doConfigure(GenericConfigurator.java:165)
		at ch.qos.logback.core.joran.GenericConfigurator.doConfigure(GenericConfigurator.java:152)
		at ch.qos.logback.core.joran.GenericConfigurator.doConfigure(GenericConfigurator.java:110)
		at ch.qos.logback.core.joran.GenericConfigurator.doConfigure(GenericConfigurator.java:53)
		at org.springframework.boot.logging.logback.LogbackLoggingSystem.configureByResourceUrl(LogbackLoggingSystem.java:199)
		at org.springframework.boot.logging.logback.LogbackLoggingSystem.loadConfiguration(LogbackLoggingSystem.java:165)
		... 22 common frames omitted
	Suppressed: java.lang.ClassNotFoundException: net.logstash.logback.encoder.LoggingEventCompositeJsonEncoder
		at java.base/jdk.internal.loader.BuiltinClassLoader.loadClass(BuiltinClassLoader.java:641)
		at java.base/jdk.internal.loader.ClassLoaders$AppClassLoader.loadClass(ClassLoaders.java:188)
		at java.base/java.lang.ClassLoader.loadClass(ClassLoader.java:520)
		at ch.qos.logback.core.util.Loader.loadClass(Loader.java:120)
		at ch.qos.logback.core.joran.action.NestedComplexPropertyIA.begin(NestedComplexPropertyIA.java:102)
		at ch.qos.logback.core.joran.spi.Interpreter.callBeginAction(Interpreter.java:269)
		at ch.qos.logback.core.joran.spi.Interpreter.startElement(Interpreter.java:145)
		at ch.qos.logback.core.joran.spi.Interpreter.startElement(Interpreter.java:128)
		at ch.qos.logback.core.joran.spi.EventPlayer.play(EventPlayer.java:50)
		at ch.qos.logback.core.joran.GenericConfigurator.doConfigure(GenericConfigurator.java:165)
		at ch.qos.logback.core.joran.GenericConfigurator.doConfigure(GenericConfigurator.java:152)
		at ch.qos.logback.core.joran.GenericConfigurator.doConfigure(GenericConfigurator.java:110)
		at ch.qos.logback.core.joran.GenericConfigurator.doConfigure(GenericConfigurator.java:53)
		at org.springframework.boot.logging.logback.LogbackLoggingSystem.configureByResourceUrl(LogbackLoggingSystem.java:199)
		at org.springframework.boot.logging.logback.LogbackLoggingSystem.loadConfiguration(LogbackLoggingSystem.java:165)
		... 22 common frames omitted
